make --dry-run --always-make --keep-going --print-directory
make: Entering directory `/Users/momeaizi/Desktop/42_minishell'
cd libft &&  make && make clean && mv libft.a ../
cc -Wall -Wextra -Werror   -I /Users/momeaizi/Desktop/brew/opt/readline/include  -c -o main.o main.c
cc -Wall -Wextra -Werror   -I /Users/momeaizi/Desktop/brew/opt/readline/include  -c -o utiles/utiles.o utiles/utiles.c
cc -Wall -Wextra -Werror   -I /Users/momeaizi/Desktop/brew/opt/readline/include  -c -o utiles/clear.o utiles/clear.c
cc -Wall -Wextra -Werror   -I /Users/momeaizi/Desktop/brew/opt/readline/include  -c -o utiles/create_list.o utiles/create_list.c
cc -Wall -Wextra -Werror   -I /Users/momeaizi/Desktop/brew/opt/readline/include  -c -o parcing/parser.o parcing/parser.c
cc -Wall -Wextra -Werror   -I /Users/momeaizi/Desktop/brew/opt/readline/include  -c -o parcing/tokenizer.o parcing/tokenizer.c
cc -Wall -Wextra -Werror   -I /Users/momeaizi/Desktop/brew/opt/readline/include  -c -o parcing/open_file.o parcing/open_file.c
cc -Wall -Wextra -Werror   -I /Users/momeaizi/Desktop/brew/opt/readline/include  -c -o execution/get_command.o execution/get_command.c
cc -Wall -Wextra -Werror   -I /Users/momeaizi/Desktop/brew/opt/readline/include  -c -o execution/get_env.o execution/get_env.c
cc -Wall -Wextra -Werror   -I /Users/momeaizi/Desktop/brew/opt/readline/include  -c -o execution/exec.o execution/exec.c
cc -Wall -Wextra -Werror   -I /Users/momeaizi/Desktop/brew/opt/readline/include  -c -o error/error.o error/error.c
cc -Wall -Wextra -Werror   -I /Users/momeaizi/Desktop/brew/opt/readline/include  -c -o error/unclosed_car.o error/unclosed_car.c
cc -Wall -Wextra -Werror   -I /Users/momeaizi/Desktop/brew/opt/readline/include  -c -o error/put_error.o error/put_error.c
cc -Wall -Wextra -Werror   -I /Users/momeaizi/Desktop/brew/opt/readline/include  -c -o builtins/cd.o builtins/cd.c
cc -Wall -Wextra -Werror   -I /Users/momeaizi/Desktop/brew/opt/readline/include  -c -o builtins/pwd.o builtins/pwd.c
cc -Wall -Wextra -Werror   -I /Users/momeaizi/Desktop/brew/opt/readline/include  -c -o builtins/env.o builtins/env.c
cc -Wall -Wextra -Werror   -I /Users/momeaizi/Desktop/brew/opt/readline/include  -c -o builtins/exit.o builtins/exit.c
cc -Wall -Wextra -Werror   -I /Users/momeaizi/Desktop/brew/opt/readline/include  -c -o builtins/export.o builtins/export.c
cc -Wall -Wextra -Werror   -I /Users/momeaizi/Desktop/brew/opt/readline/include  -c -o builtins/echo.o builtins/echo.c
cc -Wall -Wextra -Werror   -I /Users/momeaizi/Desktop/brew/opt/readline/include  -c -o builtins/unset.o builtins/unset.c
cc -Wall -Wextra -Werror   -I /Users/momeaizi/Desktop/brew/opt/readline/include  -c -o builtins/builtins_utiles.o builtins/builtins_utiles.c
cc -Wall -Wextra -Werror   -I /Users/momeaizi/Desktop/brew/opt/readline/include  -c -o expanding/expander.o expanding/expander.c
cc -Wall -Wextra -Werror   -I /Users/momeaizi/Desktop/brew/opt/readline/include  -c -o expanding/init.o expanding/init.c
cc -Wall -Wextra -Werror   -I /Users/momeaizi/Desktop/brew/opt/readline/include  -c -o expanding/utils.o expanding/utils.c
cc -Wall -Wextra -Werror   -I /Users/momeaizi/Desktop/brew/opt/readline/include  -c -o quotes/is_there_any_quotes.o quotes/is_there_any_quotes.c
cc -Wall -Wextra -Werror   -I /Users/momeaizi/Desktop/brew/opt/readline/include  -c -o quotes/remove_quotes.o quotes/remove_quotes.c
cc -Wall -Wextra -Werror   -I /Users/momeaizi/Desktop/brew/opt/readline/include  -c -o split/split.o split/split.c
cc -Wall -Wextra -Werror   -I /Users/momeaizi/Desktop/brew/opt/readline/include  -c -o split/clear.o split/clear.c
cc -Wall -Wextra -Werror   -I /Users/momeaizi/Desktop/brew/opt/readline/include  -c -o split/count_tokens.o split/count_tokens.c
cc -Wall -Wextra -Werror   -I /Users/momeaizi/Desktop/brew/opt/readline/include  -c -o split/tokens_length.o split/tokens_length.c
cc -Wall -Wextra -Werror   -I /Users/momeaizi/Desktop/brew/opt/readline/include  -c -o split/replace.o split/replace.c
cc  -lreadline  -L /Users/momeaizi/Desktop/brew/opt/readline/lib -I /Users/momeaizi/Desktop/brew/opt/readline/include -Wall -Wextra -Werror   main.o utiles/utiles.o utiles/clear.o utiles/create_list.o parcing/parser.o parcing/tokenizer.o parcing/open_file.o execution/get_command.o execution/get_env.o execution/exec.o error/error.o error/unclosed_car.o error/put_error.o builtins/cd.o builtins/pwd.o builtins/env.o builtins/exit.o builtins/export.o builtins/echo.o builtins/unset.o builtins/builtins_utiles.o expanding/expander.o expanding/init.o expanding/utils.o quotes/is_there_any_quotes.o quotes/remove_quotes.o split/split.o split/clear.o split/count_tokens.o split/tokens_length.o split/replace.o -L. libft.a -o minishell
make: Leaving directory `/Users/momeaizi/Desktop/42_minishell'
 
